<?xml version="1.0" encoding="UTF-8"?>
<testsuite xmlns:xsi="http://www.w3.org/2001/XMLSchema-instance" xsi:noNamespaceSchemaLocation="https://maven.apache.org/surefire/maven-surefire-plugin/xsd/surefire-test-report-3.0.xsd" version="3.0" name="com.carsharing.carsharing.CarsharingApplicationTests" time="5.763" tests="7" errors="2" skipped="0" failures="0">
  <properties>
    <property name="java.specification.version" value="21"/>
    <property name="sun.cpu.isalist" value="amd64"/>
    <property name="sun.jnu.encoding" value="Cp1252"/>
    <property name="java.class.path" value="D:\Programs\Projects\carsharing\carsharing\carsharing\target\test-classes;D:\Programs\Projects\carsharing\carsharing\carsharing\target\classes;C:\Users\Lingling\.m2\repository\org\springframework\boot\spring-boot-starter-web\3.3.4\spring-boot-starter-web-3.3.4.jar;C:\Users\Lingling\.m2\repository\org\springframework\boot\spring-boot-starter\3.3.4\spring-boot-starter-3.3.4.jar;C:\Users\Lingling\.m2\repository\org\springframework\boot\spring-boot\3.3.4\spring-boot-3.3.4.jar;C:\Users\Lingling\.m2\repository\org\springframework\boot\spring-boot-autoconfigure\3.3.4\spring-boot-autoconfigure-3.3.4.jar;C:\Users\Lingling\.m2\repository\org\springframework\boot\spring-boot-starter-logging\3.3.4\spring-boot-starter-logging-3.3.4.jar;C:\Users\Lingling\.m2\repository\ch\qos\logback\logback-classic\1.5.8\logback-classic-1.5.8.jar;C:\Users\Lingling\.m2\repository\ch\qos\logback\logback-core\1.5.8\logback-core-1.5.8.jar;C:\Users\Lingling\.m2\repository\org\apache\logging\log4j\log4j-to-slf4j\2.23.1\log4j-to-slf4j-2.23.1.jar;C:\Users\Lingling\.m2\repository\org\apache\logging\log4j\log4j-api\2.23.1\log4j-api-2.23.1.jar;C:\Users\Lingling\.m2\repository\org\slf4j\jul-to-slf4j\2.0.16\jul-to-slf4j-2.0.16.jar;C:\Users\Lingling\.m2\repository\jakarta\annotation\jakarta.annotation-api\2.1.1\jakarta.annotation-api-2.1.1.jar;C:\Users\Lingling\.m2\repository\org\yaml\snakeyaml\2.2\snakeyaml-2.2.jar;C:\Users\Lingling\.m2\repository\org\springframework\boot\spring-boot-starter-json\3.3.4\spring-boot-starter-json-3.3.4.jar;C:\Users\Lingling\.m2\repository\com\fasterxml\jackson\core\jackson-databind\2.17.2\jackson-databind-2.17.2.jar;C:\Users\Lingling\.m2\repository\com\fasterxml\jackson\core\jackson-core\2.17.2\jackson-core-2.17.2.jar;C:\Users\Lingling\.m2\repository\com\fasterxml\jackson\datatype\jackson-datatype-jdk8\2.17.2\jackson-datatype-jdk8-2.17.2.jar;C:\Users\Lingling\.m2\repository\com\fasterxml\jackson\datatype\jackson-datatype-jsr310\2.17.2\jackson-datatype-jsr310-2.17.2.jar;C:\Users\Lingling\.m2\repository\com\fasterxml\jackson\module\jackson-module-parameter-names\2.17.2\jackson-module-parameter-names-2.17.2.jar;C:\Users\Lingling\.m2\repository\org\springframework\boot\spring-boot-starter-tomcat\3.3.4\spring-boot-starter-tomcat-3.3.4.jar;C:\Users\Lingling\.m2\repository\org\apache\tomcat\embed\tomcat-embed-core\10.1.30\tomcat-embed-core-10.1.30.jar;C:\Users\Lingling\.m2\repository\org\apache\tomcat\embed\tomcat-embed-el\10.1.30\tomcat-embed-el-10.1.30.jar;C:\Users\Lingling\.m2\repository\org\apache\tomcat\embed\tomcat-embed-websocket\10.1.30\tomcat-embed-websocket-10.1.30.jar;C:\Users\Lingling\.m2\repository\org\springframework\spring-web\6.1.13\spring-web-6.1.13.jar;C:\Users\Lingling\.m2\repository\org\springframework\spring-beans\6.1.13\spring-beans-6.1.13.jar;C:\Users\Lingling\.m2\repository\io\micrometer\micrometer-observation\1.13.4\micrometer-observation-1.13.4.jar;C:\Users\Lingling\.m2\repository\io\micrometer\micrometer-commons\1.13.4\micrometer-commons-1.13.4.jar;C:\Users\Lingling\.m2\repository\org\springframework\spring-webmvc\6.1.13\spring-webmvc-6.1.13.jar;C:\Users\Lingling\.m2\repository\org\springframework\spring-aop\6.1.13\spring-aop-6.1.13.jar;C:\Users\Lingling\.m2\repository\org\springframework\spring-context\6.1.13\spring-context-6.1.13.jar;C:\Users\Lingling\.m2\repository\org\springframework\spring-expression\6.1.13\spring-expression-6.1.13.jar;C:\Users\Lingling\.m2\repository\org\springframework\boot\spring-boot-starter-test\3.3.4\spring-boot-starter-test-3.3.4.jar;C:\Users\Lingling\.m2\repository\org\springframework\boot\spring-boot-test\3.3.4\spring-boot-test-3.3.4.jar;C:\Users\Lingling\.m2\repository\org\springframework\boot\spring-boot-test-autoconfigure\3.3.4\spring-boot-test-autoconfigure-3.3.4.jar;C:\Users\Lingling\.m2\repository\com\jayway\jsonpath\json-path\2.9.0\json-path-2.9.0.jar;C:\Users\Lingling\.m2\repository\jakarta\xml\bind\jakarta.xml.bind-api\4.0.2\jakarta.xml.bind-api-4.0.2.jar;C:\Users\Lingling\.m2\repository\jakarta\activation\jakarta.activation-api\2.1.3\jakarta.activation-api-2.1.3.jar;C:\Users\Lingling\.m2\repository\net\minidev\json-smart\2.5.1\json-smart-2.5.1.jar;C:\Users\Lingling\.m2\repository\net\minidev\accessors-smart\2.5.1\accessors-smart-2.5.1.jar;C:\Users\Lingling\.m2\repository\org\ow2\asm\asm\9.6\asm-9.6.jar;C:\Users\Lingling\.m2\repository\org\assertj\assertj-core\3.25.3\assertj-core-3.25.3.jar;C:\Users\Lingling\.m2\repository\net\bytebuddy\byte-buddy\1.14.19\byte-buddy-1.14.19.jar;C:\Users\Lingling\.m2\repository\org\awaitility\awaitility\4.2.2\awaitility-4.2.2.jar;C:\Users\Lingling\.m2\repository\org\hamcrest\hamcrest\2.2\hamcrest-2.2.jar;C:\Users\Lingling\.m2\repository\org\junit\jupiter\junit-jupiter\5.10.3\junit-jupiter-5.10.3.jar;C:\Users\Lingling\.m2\repository\org\junit\jupiter\junit-jupiter-api\5.10.3\junit-jupiter-api-5.10.3.jar;C:\Users\Lingling\.m2\repository\org\opentest4j\opentest4j\1.3.0\opentest4j-1.3.0.jar;C:\Users\Lingling\.m2\repository\org\junit\platform\junit-platform-commons\1.10.3\junit-platform-commons-1.10.3.jar;C:\Users\Lingling\.m2\repository\org\apiguardian\apiguardian-api\1.1.2\apiguardian-api-1.1.2.jar;C:\Users\Lingling\.m2\repository\org\junit\jupiter\junit-jupiter-params\5.10.3\junit-jupiter-params-5.10.3.jar;C:\Users\Lingling\.m2\repository\org\junit\jupiter\junit-jupiter-engine\5.10.3\junit-jupiter-engine-5.10.3.jar;C:\Users\Lingling\.m2\repository\org\junit\platform\junit-platform-engine\1.10.3\junit-platform-engine-1.10.3.jar;C:\Users\Lingling\.m2\repository\org\mockito\mockito-core\5.11.0\mockito-core-5.11.0.jar;C:\Users\Lingling\.m2\repository\net\bytebuddy\byte-buddy-agent\1.14.19\byte-buddy-agent-1.14.19.jar;C:\Users\Lingling\.m2\repository\org\objenesis\objenesis\3.3\objenesis-3.3.jar;C:\Users\Lingling\.m2\repository\org\mockito\mockito-junit-jupiter\5.11.0\mockito-junit-jupiter-5.11.0.jar;C:\Users\Lingling\.m2\repository\org\skyscreamer\jsonassert\1.5.3\jsonassert-1.5.3.jar;C:\Users\Lingling\.m2\repository\com\vaadin\external\google\android-json\0.0.20131108.vaadin1\android-json-0.0.20131108.vaadin1.jar;C:\Users\Lingling\.m2\repository\org\springframework\spring-core\6.1.13\spring-core-6.1.13.jar;C:\Users\Lingling\.m2\repository\org\springframework\spring-jcl\6.1.13\spring-jcl-6.1.13.jar;C:\Users\Lingling\.m2\repository\org\springframework\spring-test\6.1.13\spring-test-6.1.13.jar;C:\Users\Lingling\.m2\repository\org\xmlunit\xmlunit-core\2.9.1\xmlunit-core-2.9.1.jar;C:\Users\Lingling\.m2\repository\org\springframework\boot\spring-boot-starter-data-jpa\3.3.4\spring-boot-starter-data-jpa-3.3.4.jar;C:\Users\Lingling\.m2\repository\org\springframework\boot\spring-boot-starter-aop\3.3.4\spring-boot-starter-aop-3.3.4.jar;C:\Users\Lingling\.m2\repository\org\aspectj\aspectjweaver\1.9.22.1\aspectjweaver-1.9.22.1.jar;C:\Users\Lingling\.m2\repository\org\springframework\boot\spring-boot-starter-jdbc\3.3.4\spring-boot-starter-jdbc-3.3.4.jar;C:\Users\Lingling\.m2\repository\com\zaxxer\HikariCP\5.1.0\HikariCP-5.1.0.jar;C:\Users\Lingling\.m2\repository\org\springframework\spring-jdbc\6.1.13\spring-jdbc-6.1.13.jar;C:\Users\Lingling\.m2\repository\org\hibernate\orm\hibernate-core\6.5.3.Final\hibernate-core-6.5.3.Final.jar;C:\Users\Lingling\.m2\repository\jakarta\persistence\jakarta.persistence-api\3.1.0\jakarta.persistence-api-3.1.0.jar;C:\Users\Lingling\.m2\repository\jakarta\transaction\jakarta.transaction-api\2.0.1\jakarta.transaction-api-2.0.1.jar;C:\Users\Lingling\.m2\repository\org\jboss\logging\jboss-logging\3.5.3.Final\jboss-logging-3.5.3.Final.jar;C:\Users\Lingling\.m2\repository\org\hibernate\common\hibernate-commons-annotations\6.0.6.Final\hibernate-commons-annotations-6.0.6.Final.jar;C:\Users\Lingling\.m2\repository\io\smallrye\jandex\3.1.2\jandex-3.1.2.jar;C:\Users\Lingling\.m2\repository\com\fasterxml\classmate\1.7.0\classmate-1.7.0.jar;C:\Users\Lingling\.m2\repository\org\glassfish\jaxb\jaxb-runtime\4.0.5\jaxb-runtime-4.0.5.jar;C:\Users\Lingling\.m2\repository\org\glassfish\jaxb\jaxb-core\4.0.5\jaxb-core-4.0.5.jar;C:\Users\Lingling\.m2\repository\org\eclipse\angus\angus-activation\2.0.2\angus-activation-2.0.2.jar;C:\Users\Lingling\.m2\repository\org\glassfish\jaxb\txw2\4.0.5\txw2-4.0.5.jar;C:\Users\Lingling\.m2\repository\com\sun\istack\istack-commons-runtime\4.1.2\istack-commons-runtime-4.1.2.jar;C:\Users\Lingling\.m2\repository\jakarta\inject\jakarta.inject-api\2.0.1\jakarta.inject-api-2.0.1.jar;C:\Users\Lingling\.m2\repository\org\antlr\antlr4-runtime\4.13.0\antlr4-runtime-4.13.0.jar;C:\Users\Lingling\.m2\repository\org\springframework\data\spring-data-jpa\3.3.4\spring-data-jpa-3.3.4.jar;C:\Users\Lingling\.m2\repository\org\springframework\data\spring-data-commons\3.3.4\spring-data-commons-3.3.4.jar;C:\Users\Lingling\.m2\repository\org\springframework\spring-orm\6.1.13\spring-orm-6.1.13.jar;C:\Users\Lingling\.m2\repository\org\springframework\spring-tx\6.1.13\spring-tx-6.1.13.jar;C:\Users\Lingling\.m2\repository\org\springframework\spring-aspects\6.1.13\spring-aspects-6.1.13.jar;C:\Users\Lingling\.m2\repository\org\mapstruct\mapstruct\1.5.3.Final\mapstruct-1.5.3.Final.jar;C:\Users\Lingling\.m2\repository\org\mapstruct\mapstruct-processor\1.5.3.Final\mapstruct-processor-1.5.3.Final.jar;C:\Users\Lingling\.m2\repository\com\graphql-java-kickstart\graphql-spring-boot-starter\13.0.0\graphql-spring-boot-starter-13.0.0.jar;C:\Users\Lingling\.m2\repository\com\graphql-java-kickstart\graphql-spring-boot-autoconfigure\13.0.0\graphql-spring-boot-autoconfigure-13.0.0.jar;C:\Users\Lingling\.m2\repository\com\graphql-java-kickstart\graphql-java-tools\12.1.0\graphql-java-tools-12.1.0.jar;C:\Users\Lingling\.m2\repository\org\jetbrains\kotlin\kotlin-stdlib\1.9.25\kotlin-stdlib-1.9.25.jar;C:\Users\Lingling\.m2\repository\org\jetbrains\kotlin\kotlin-reflect\1.9.25\kotlin-reflect-1.9.25.jar;C:\Users\Lingling\.m2\repository\org\jetbrains\kotlinx\kotlinx-coroutines-jdk8\1.8.1\kotlinx-coroutines-jdk8-1.8.1.jar;C:\Users\Lingling\.m2\repository\org\jetbrains\kotlinx\kotlinx-coroutines-core-jvm\1.8.1\kotlinx-coroutines-core-jvm-1.8.1.jar;C:\Users\Lingling\.m2\repository\org\jetbrains\kotlinx\kotlinx-coroutines-core\1.8.1\kotlinx-coroutines-core-1.8.1.jar;C:\Users\Lingling\.m2\repository\org\jetbrains\kotlinx\kotlinx-coroutines-reactive\1.8.1\kotlinx-coroutines-reactive-1.8.1.jar;C:\Users\Lingling\.m2\repository\com\fasterxml\jackson\module\jackson-module-kotlin\2.17.2\jackson-module-kotlin-2.17.2.jar;C:\Users\Lingling\.m2\repository\org\apache\commons\commons-lang3\3.14.0\commons-lang3-3.14.0.jar;C:\Users\Lingling\.m2\repository\com\graphql-java-kickstart\graphql-kickstart-spring-support\13.0.0\graphql-kickstart-spring-support-13.0.0.jar;C:\Users\Lingling\.m2\repository\com\graphql-java-kickstart\graphql-kickstart-spring-webflux\13.0.0\graphql-kickstart-spring-webflux-13.0.0.jar;C:\Users\Lingling\.m2\repository\com\graphql-java\graphql-java-extended-scalars\18.1\graphql-java-extended-scalars-18.1.jar;C:\Users\Lingling\.m2\repository\com\graphql-java-kickstart\graphql-java-kickstart\13.0.0\graphql-java-kickstart-13.0.0.jar;C:\Users\Lingling\.m2\repository\com\graphql-java-kickstart\graphql-java-servlet\13.0.0\graphql-java-servlet-13.0.0.jar;C:\Users\Lingling\.m2\repository\javax\servlet\javax.servlet-api\4.0.1\javax.servlet-api-4.0.1.jar;C:\Users\Lingling\.m2\repository\javax\websocket\javax.websocket-api\1.1\javax.websocket-api-1.1.jar;C:\Users\Lingling\.m2\repository\com\graphql-java\graphql-java\22.1\graphql-java-22.1.jar;C:\Users\Lingling\.m2\repository\com\graphql-java\java-dataloader\3.3.0\java-dataloader-3.3.0.jar;C:\Users\Lingling\.m2\repository\org\reactivestreams\reactive-streams\1.0.4\reactive-streams-1.0.4.jar;C:\Users\Lingling\.m2\repository\io\github\graphql-java\graphql-java-annotations\9.1\graphql-java-annotations-9.1.jar;C:\Users\Lingling\.m2\repository\javax\validation\validation-api\1.1.0.Final\validation-api-1.1.0.Final.jar;C:\Users\Lingling\.m2\repository\org\reflections\reflections\0.10.2\reflections-0.10.2.jar;C:\Users\Lingling\.m2\repository\org\javassist\javassist\3.28.0-GA\javassist-3.28.0-GA.jar;C:\Users\Lingling\.m2\repository\com\google\code\findbugs\jsr305\3.0.2\jsr305-3.0.2.jar;C:\Users\Lingling\.m2\repository\org\springframework\boot\spring-boot-starter-validation\3.3.4\spring-boot-starter-validation-3.3.4.jar;C:\Users\Lingling\.m2\repository\org\hibernate\validator\hibernate-validator\8.0.1.Final\hibernate-validator-8.0.1.Final.jar;C:\Users\Lingling\.m2\repository\jakarta\validation\jakarta.validation-api\3.0.2\jakarta.validation-api-3.0.2.jar;C:\Users\Lingling\.m2\repository\org\apache\commons\commons-text\1.9\commons-text-1.9.jar;C:\Users\Lingling\.m2\repository\org\springframework\spring-webflux\6.1.13\spring-webflux-6.1.13.jar;C:\Users\Lingling\.m2\repository\io\projectreactor\reactor-core\3.6.10\reactor-core-3.6.10.jar;C:\Users\Lingling\.m2\repository\org\postgresql\postgresql\42.7.4\postgresql-42.7.4.jar;C:\Users\Lingling\.m2\repository\org\checkerframework\checker-qual\3.42.0\checker-qual-3.42.0.jar;C:\Users\Lingling\.m2\repository\org\testcontainers\testcontainers\1.18.3\testcontainers-1.18.3.jar;C:\Users\Lingling\.m2\repository\junit\junit\4.13.2\junit-4.13.2.jar;C:\Users\Lingling\.m2\repository\org\hamcrest\hamcrest-core\2.2\hamcrest-core-2.2.jar;C:\Users\Lingling\.m2\repository\org\slf4j\slf4j-api\2.0.16\slf4j-api-2.0.16.jar;C:\Users\Lingling\.m2\repository\org\apache\commons\commons-compress\1.23.0\commons-compress-1.23.0.jar;C:\Users\Lingling\.m2\repository\org\rnorth\duct-tape\duct-tape\1.0.8\duct-tape-1.0.8.jar;C:\Users\Lingling\.m2\repository\org\jetbrains\annotations\17.0.0\annotations-17.0.0.jar;C:\Users\Lingling\.m2\repository\com\github\docker-java\docker-java-api\3.3.0\docker-java-api-3.3.0.jar;C:\Users\Lingling\.m2\repository\com\fasterxml\jackson\core\jackson-annotations\2.17.2\jackson-annotations-2.17.2.jar;C:\Users\Lingling\.m2\repository\com\github\docker-java\docker-java-transport-zerodep\3.3.0\docker-java-transport-zerodep-3.3.0.jar;C:\Users\Lingling\.m2\repository\com\github\docker-java\docker-java-transport\3.3.0\docker-java-transport-3.3.0.jar;C:\Users\Lingling\.m2\repository\net\java\dev\jna\jna\5.12.1\jna-5.12.1.jar;C:\Users\Lingling\.m2\repository\org\testcontainers\postgresql\1.18.3\postgresql-1.18.3.jar;C:\Users\Lingling\.m2\repository\org\testcontainers\jdbc\1.19.8\jdbc-1.19.8.jar;C:\Users\Lingling\.m2\repository\org\testcontainers\database-commons\1.19.8\database-commons-1.19.8.jar;C:\Users\Lingling\.m2\repository\com\h2database\h2\2.2.224\h2-2.2.224.jar;"/>
    <property name="java.vm.vendor" value="Oracle Corporation"/>
    <property name="sun.arch.data.model" value="64"/>
    <property name="user.variant" value=""/>
    <property name="catalina.useNaming" value="false"/>
    <property name="java.vendor.url" value="https://java.oracle.com/"/>
    <property name="user.timezone" value="Europe/Berlin"/>
    <property name="org.jboss.logging.provider" value="slf4j"/>
    <property name="os.name" value="Windows 10"/>
    <property name="java.vm.specification.version" value="21"/>
    <property name="sun.java.launcher" value="SUN_STANDARD"/>
    <property name="user.country" value="DE"/>
    <property name="sun.boot.library.path" value="C:\Program Files\Java\jdk-21\bin"/>
    <property name="sun.java.command" value="C:\Users\Lingling\AppData\Local\Temp\surefire8023799362563350580\surefirebooter-20241031145909117_3.jar C:\Users\Lingling\AppData\Local\Temp\surefire8023799362563350580 2024-10-31T14-59-08_995-jvmRun1 surefire-20241031145909117_1tmp surefire_0-20241031145909117_2tmp"/>
    <property name="jdk.debug" value="release"/>
    <property name="surefire.test.class.path" value="D:\Programs\Projects\carsharing\carsharing\carsharing\target\test-classes;D:\Programs\Projects\carsharing\carsharing\carsharing\target\classes;C:\Users\Lingling\.m2\repository\org\springframework\boot\spring-boot-starter-web\3.3.4\spring-boot-starter-web-3.3.4.jar;C:\Users\Lingling\.m2\repository\org\springframework\boot\spring-boot-starter\3.3.4\spring-boot-starter-3.3.4.jar;C:\Users\Lingling\.m2\repository\org\springframework\boot\spring-boot\3.3.4\spring-boot-3.3.4.jar;C:\Users\Lingling\.m2\repository\org\springframework\boot\spring-boot-autoconfigure\3.3.4\spring-boot-autoconfigure-3.3.4.jar;C:\Users\Lingling\.m2\repository\org\springframework\boot\spring-boot-starter-logging\3.3.4\spring-boot-starter-logging-3.3.4.jar;C:\Users\Lingling\.m2\repository\ch\qos\logback\logback-classic\1.5.8\logback-classic-1.5.8.jar;C:\Users\Lingling\.m2\repository\ch\qos\logback\logback-core\1.5.8\logback-core-1.5.8.jar;C:\Users\Lingling\.m2\repository\org\apache\logging\log4j\log4j-to-slf4j\2.23.1\log4j-to-slf4j-2.23.1.jar;C:\Users\Lingling\.m2\repository\org\apache\logging\log4j\log4j-api\2.23.1\log4j-api-2.23.1.jar;C:\Users\Lingling\.m2\repository\org\slf4j\jul-to-slf4j\2.0.16\jul-to-slf4j-2.0.16.jar;C:\Users\Lingling\.m2\repository\jakarta\annotation\jakarta.annotation-api\2.1.1\jakarta.annotation-api-2.1.1.jar;C:\Users\Lingling\.m2\repository\org\yaml\snakeyaml\2.2\snakeyaml-2.2.jar;C:\Users\Lingling\.m2\repository\org\springframework\boot\spring-boot-starter-json\3.3.4\spring-boot-starter-json-3.3.4.jar;C:\Users\Lingling\.m2\repository\com\fasterxml\jackson\core\jackson-databind\2.17.2\jackson-databind-2.17.2.jar;C:\Users\Lingling\.m2\repository\com\fasterxml\jackson\core\jackson-core\2.17.2\jackson-core-2.17.2.jar;C:\Users\Lingling\.m2\repository\com\fasterxml\jackson\datatype\jackson-datatype-jdk8\2.17.2\jackson-datatype-jdk8-2.17.2.jar;C:\Users\Lingling\.m2\repository\com\fasterxml\jackson\datatype\jackson-datatype-jsr310\2.17.2\jackson-datatype-jsr310-2.17.2.jar;C:\Users\Lingling\.m2\repository\com\fasterxml\jackson\module\jackson-module-parameter-names\2.17.2\jackson-module-parameter-names-2.17.2.jar;C:\Users\Lingling\.m2\repository\org\springframework\boot\spring-boot-starter-tomcat\3.3.4\spring-boot-starter-tomcat-3.3.4.jar;C:\Users\Lingling\.m2\repository\org\apache\tomcat\embed\tomcat-embed-core\10.1.30\tomcat-embed-core-10.1.30.jar;C:\Users\Lingling\.m2\repository\org\apache\tomcat\embed\tomcat-embed-el\10.1.30\tomcat-embed-el-10.1.30.jar;C:\Users\Lingling\.m2\repository\org\apache\tomcat\embed\tomcat-embed-websocket\10.1.30\tomcat-embed-websocket-10.1.30.jar;C:\Users\Lingling\.m2\repository\org\springframework\spring-web\6.1.13\spring-web-6.1.13.jar;C:\Users\Lingling\.m2\repository\org\springframework\spring-beans\6.1.13\spring-beans-6.1.13.jar;C:\Users\Lingling\.m2\repository\io\micrometer\micrometer-observation\1.13.4\micrometer-observation-1.13.4.jar;C:\Users\Lingling\.m2\repository\io\micrometer\micrometer-commons\1.13.4\micrometer-commons-1.13.4.jar;C:\Users\Lingling\.m2\repository\org\springframework\spring-webmvc\6.1.13\spring-webmvc-6.1.13.jar;C:\Users\Lingling\.m2\repository\org\springframework\spring-aop\6.1.13\spring-aop-6.1.13.jar;C:\Users\Lingling\.m2\repository\org\springframework\spring-context\6.1.13\spring-context-6.1.13.jar;C:\Users\Lingling\.m2\repository\org\springframework\spring-expression\6.1.13\spring-expression-6.1.13.jar;C:\Users\Lingling\.m2\repository\org\springframework\boot\spring-boot-starter-test\3.3.4\spring-boot-starter-test-3.3.4.jar;C:\Users\Lingling\.m2\repository\org\springframework\boot\spring-boot-test\3.3.4\spring-boot-test-3.3.4.jar;C:\Users\Lingling\.m2\repository\org\springframework\boot\spring-boot-test-autoconfigure\3.3.4\spring-boot-test-autoconfigure-3.3.4.jar;C:\Users\Lingling\.m2\repository\com\jayway\jsonpath\json-path\2.9.0\json-path-2.9.0.jar;C:\Users\Lingling\.m2\repository\jakarta\xml\bind\jakarta.xml.bind-api\4.0.2\jakarta.xml.bind-api-4.0.2.jar;C:\Users\Lingling\.m2\repository\jakarta\activation\jakarta.activation-api\2.1.3\jakarta.activation-api-2.1.3.jar;C:\Users\Lingling\.m2\repository\net\minidev\json-smart\2.5.1\json-smart-2.5.1.jar;C:\Users\Lingling\.m2\repository\net\minidev\accessors-smart\2.5.1\accessors-smart-2.5.1.jar;C:\Users\Lingling\.m2\repository\org\ow2\asm\asm\9.6\asm-9.6.jar;C:\Users\Lingling\.m2\repository\org\assertj\assertj-core\3.25.3\assertj-core-3.25.3.jar;C:\Users\Lingling\.m2\repository\net\bytebuddy\byte-buddy\1.14.19\byte-buddy-1.14.19.jar;C:\Users\Lingling\.m2\repository\org\awaitility\awaitility\4.2.2\awaitility-4.2.2.jar;C:\Users\Lingling\.m2\repository\org\hamcrest\hamcrest\2.2\hamcrest-2.2.jar;C:\Users\Lingling\.m2\repository\org\junit\jupiter\junit-jupiter\5.10.3\junit-jupiter-5.10.3.jar;C:\Users\Lingling\.m2\repository\org\junit\jupiter\junit-jupiter-api\5.10.3\junit-jupiter-api-5.10.3.jar;C:\Users\Lingling\.m2\repository\org\opentest4j\opentest4j\1.3.0\opentest4j-1.3.0.jar;C:\Users\Lingling\.m2\repository\org\junit\platform\junit-platform-commons\1.10.3\junit-platform-commons-1.10.3.jar;C:\Users\Lingling\.m2\repository\org\apiguardian\apiguardian-api\1.1.2\apiguardian-api-1.1.2.jar;C:\Users\Lingling\.m2\repository\org\junit\jupiter\junit-jupiter-params\5.10.3\junit-jupiter-params-5.10.3.jar;C:\Users\Lingling\.m2\repository\org\junit\jupiter\junit-jupiter-engine\5.10.3\junit-jupiter-engine-5.10.3.jar;C:\Users\Lingling\.m2\repository\org\junit\platform\junit-platform-engine\1.10.3\junit-platform-engine-1.10.3.jar;C:\Users\Lingling\.m2\repository\org\mockito\mockito-core\5.11.0\mockito-core-5.11.0.jar;C:\Users\Lingling\.m2\repository\net\bytebuddy\byte-buddy-agent\1.14.19\byte-buddy-agent-1.14.19.jar;C:\Users\Lingling\.m2\repository\org\objenesis\objenesis\3.3\objenesis-3.3.jar;C:\Users\Lingling\.m2\repository\org\mockito\mockito-junit-jupiter\5.11.0\mockito-junit-jupiter-5.11.0.jar;C:\Users\Lingling\.m2\repository\org\skyscreamer\jsonassert\1.5.3\jsonassert-1.5.3.jar;C:\Users\Lingling\.m2\repository\com\vaadin\external\google\android-json\0.0.20131108.vaadin1\android-json-0.0.20131108.vaadin1.jar;C:\Users\Lingling\.m2\repository\org\springframework\spring-core\6.1.13\spring-core-6.1.13.jar;C:\Users\Lingling\.m2\repository\org\springframework\spring-jcl\6.1.13\spring-jcl-6.1.13.jar;C:\Users\Lingling\.m2\repository\org\springframework\spring-test\6.1.13\spring-test-6.1.13.jar;C:\Users\Lingling\.m2\repository\org\xmlunit\xmlunit-core\2.9.1\xmlunit-core-2.9.1.jar;C:\Users\Lingling\.m2\repository\org\springframework\boot\spring-boot-starter-data-jpa\3.3.4\spring-boot-starter-data-jpa-3.3.4.jar;C:\Users\Lingling\.m2\repository\org\springframework\boot\spring-boot-starter-aop\3.3.4\spring-boot-starter-aop-3.3.4.jar;C:\Users\Lingling\.m2\repository\org\aspectj\aspectjweaver\1.9.22.1\aspectjweaver-1.9.22.1.jar;C:\Users\Lingling\.m2\repository\org\springframework\boot\spring-boot-starter-jdbc\3.3.4\spring-boot-starter-jdbc-3.3.4.jar;C:\Users\Lingling\.m2\repository\com\zaxxer\HikariCP\5.1.0\HikariCP-5.1.0.jar;C:\Users\Lingling\.m2\repository\org\springframework\spring-jdbc\6.1.13\spring-jdbc-6.1.13.jar;C:\Users\Lingling\.m2\repository\org\hibernate\orm\hibernate-core\6.5.3.Final\hibernate-core-6.5.3.Final.jar;C:\Users\Lingling\.m2\repository\jakarta\persistence\jakarta.persistence-api\3.1.0\jakarta.persistence-api-3.1.0.jar;C:\Users\Lingling\.m2\repository\jakarta\transaction\jakarta.transaction-api\2.0.1\jakarta.transaction-api-2.0.1.jar;C:\Users\Lingling\.m2\repository\org\jboss\logging\jboss-logging\3.5.3.Final\jboss-logging-3.5.3.Final.jar;C:\Users\Lingling\.m2\repository\org\hibernate\common\hibernate-commons-annotations\6.0.6.Final\hibernate-commons-annotations-6.0.6.Final.jar;C:\Users\Lingling\.m2\repository\io\smallrye\jandex\3.1.2\jandex-3.1.2.jar;C:\Users\Lingling\.m2\repository\com\fasterxml\classmate\1.7.0\classmate-1.7.0.jar;C:\Users\Lingling\.m2\repository\org\glassfish\jaxb\jaxb-runtime\4.0.5\jaxb-runtime-4.0.5.jar;C:\Users\Lingling\.m2\repository\org\glassfish\jaxb\jaxb-core\4.0.5\jaxb-core-4.0.5.jar;C:\Users\Lingling\.m2\repository\org\eclipse\angus\angus-activation\2.0.2\angus-activation-2.0.2.jar;C:\Users\Lingling\.m2\repository\org\glassfish\jaxb\txw2\4.0.5\txw2-4.0.5.jar;C:\Users\Lingling\.m2\repository\com\sun\istack\istack-commons-runtime\4.1.2\istack-commons-runtime-4.1.2.jar;C:\Users\Lingling\.m2\repository\jakarta\inject\jakarta.inject-api\2.0.1\jakarta.inject-api-2.0.1.jar;C:\Users\Lingling\.m2\repository\org\antlr\antlr4-runtime\4.13.0\antlr4-runtime-4.13.0.jar;C:\Users\Lingling\.m2\repository\org\springframework\data\spring-data-jpa\3.3.4\spring-data-jpa-3.3.4.jar;C:\Users\Lingling\.m2\repository\org\springframework\data\spring-data-commons\3.3.4\spring-data-commons-3.3.4.jar;C:\Users\Lingling\.m2\repository\org\springframework\spring-orm\6.1.13\spring-orm-6.1.13.jar;C:\Users\Lingling\.m2\repository\org\springframework\spring-tx\6.1.13\spring-tx-6.1.13.jar;C:\Users\Lingling\.m2\repository\org\springframework\spring-aspects\6.1.13\spring-aspects-6.1.13.jar;C:\Users\Lingling\.m2\repository\org\mapstruct\mapstruct\1.5.3.Final\mapstruct-1.5.3.Final.jar;C:\Users\Lingling\.m2\repository\org\mapstruct\mapstruct-processor\1.5.3.Final\mapstruct-processor-1.5.3.Final.jar;C:\Users\Lingling\.m2\repository\com\graphql-java-kickstart\graphql-spring-boot-starter\13.0.0\graphql-spring-boot-starter-13.0.0.jar;C:\Users\Lingling\.m2\repository\com\graphql-java-kickstart\graphql-spring-boot-autoconfigure\13.0.0\graphql-spring-boot-autoconfigure-13.0.0.jar;C:\Users\Lingling\.m2\repository\com\graphql-java-kickstart\graphql-java-tools\12.1.0\graphql-java-tools-12.1.0.jar;C:\Users\Lingling\.m2\repository\org\jetbrains\kotlin\kotlin-stdlib\1.9.25\kotlin-stdlib-1.9.25.jar;C:\Users\Lingling\.m2\repository\org\jetbrains\kotlin\kotlin-reflect\1.9.25\kotlin-reflect-1.9.25.jar;C:\Users\Lingling\.m2\repository\org\jetbrains\kotlinx\kotlinx-coroutines-jdk8\1.8.1\kotlinx-coroutines-jdk8-1.8.1.jar;C:\Users\Lingling\.m2\repository\org\jetbrains\kotlinx\kotlinx-coroutines-core-jvm\1.8.1\kotlinx-coroutines-core-jvm-1.8.1.jar;C:\Users\Lingling\.m2\repository\org\jetbrains\kotlinx\kotlinx-coroutines-core\1.8.1\kotlinx-coroutines-core-1.8.1.jar;C:\Users\Lingling\.m2\repository\org\jetbrains\kotlinx\kotlinx-coroutines-reactive\1.8.1\kotlinx-coroutines-reactive-1.8.1.jar;C:\Users\Lingling\.m2\repository\com\fasterxml\jackson\module\jackson-module-kotlin\2.17.2\jackson-module-kotlin-2.17.2.jar;C:\Users\Lingling\.m2\repository\org\apache\commons\commons-lang3\3.14.0\commons-lang3-3.14.0.jar;C:\Users\Lingling\.m2\repository\com\graphql-java-kickstart\graphql-kickstart-spring-support\13.0.0\graphql-kickstart-spring-support-13.0.0.jar;C:\Users\Lingling\.m2\repository\com\graphql-java-kickstart\graphql-kickstart-spring-webflux\13.0.0\graphql-kickstart-spring-webflux-13.0.0.jar;C:\Users\Lingling\.m2\repository\com\graphql-java\graphql-java-extended-scalars\18.1\graphql-java-extended-scalars-18.1.jar;C:\Users\Lingling\.m2\repository\com\graphql-java-kickstart\graphql-java-kickstart\13.0.0\graphql-java-kickstart-13.0.0.jar;C:\Users\Lingling\.m2\repository\com\graphql-java-kickstart\graphql-java-servlet\13.0.0\graphql-java-servlet-13.0.0.jar;C:\Users\Lingling\.m2\repository\javax\servlet\javax.servlet-api\4.0.1\javax.servlet-api-4.0.1.jar;C:\Users\Lingling\.m2\repository\javax\websocket\javax.websocket-api\1.1\javax.websocket-api-1.1.jar;C:\Users\Lingling\.m2\repository\com\graphql-java\graphql-java\22.1\graphql-java-22.1.jar;C:\Users\Lingling\.m2\repository\com\graphql-java\java-dataloader\3.3.0\java-dataloader-3.3.0.jar;C:\Users\Lingling\.m2\repository\org\reactivestreams\reactive-streams\1.0.4\reactive-streams-1.0.4.jar;C:\Users\Lingling\.m2\repository\io\github\graphql-java\graphql-java-annotations\9.1\graphql-java-annotations-9.1.jar;C:\Users\Lingling\.m2\repository\javax\validation\validation-api\1.1.0.Final\validation-api-1.1.0.Final.jar;C:\Users\Lingling\.m2\repository\org\reflections\reflections\0.10.2\reflections-0.10.2.jar;C:\Users\Lingling\.m2\repository\org\javassist\javassist\3.28.0-GA\javassist-3.28.0-GA.jar;C:\Users\Lingling\.m2\repository\com\google\code\findbugs\jsr305\3.0.2\jsr305-3.0.2.jar;C:\Users\Lingling\.m2\repository\org\springframework\boot\spring-boot-starter-validation\3.3.4\spring-boot-starter-validation-3.3.4.jar;C:\Users\Lingling\.m2\repository\org\hibernate\validator\hibernate-validator\8.0.1.Final\hibernate-validator-8.0.1.Final.jar;C:\Users\Lingling\.m2\repository\jakarta\validation\jakarta.validation-api\3.0.2\jakarta.validation-api-3.0.2.jar;C:\Users\Lingling\.m2\repository\org\apache\commons\commons-text\1.9\commons-text-1.9.jar;C:\Users\Lingling\.m2\repository\org\springframework\spring-webflux\6.1.13\spring-webflux-6.1.13.jar;C:\Users\Lingling\.m2\repository\io\projectreactor\reactor-core\3.6.10\reactor-core-3.6.10.jar;C:\Users\Lingling\.m2\repository\org\postgresql\postgresql\42.7.4\postgresql-42.7.4.jar;C:\Users\Lingling\.m2\repository\org\checkerframework\checker-qual\3.42.0\checker-qual-3.42.0.jar;C:\Users\Lingling\.m2\repository\org\testcontainers\testcontainers\1.18.3\testcontainers-1.18.3.jar;C:\Users\Lingling\.m2\repository\junit\junit\4.13.2\junit-4.13.2.jar;C:\Users\Lingling\.m2\repository\org\hamcrest\hamcrest-core\2.2\hamcrest-core-2.2.jar;C:\Users\Lingling\.m2\repository\org\slf4j\slf4j-api\2.0.16\slf4j-api-2.0.16.jar;C:\Users\Lingling\.m2\repository\org\apache\commons\commons-compress\1.23.0\commons-compress-1.23.0.jar;C:\Users\Lingling\.m2\repository\org\rnorth\duct-tape\duct-tape\1.0.8\duct-tape-1.0.8.jar;C:\Users\Lingling\.m2\repository\org\jetbrains\annotations\17.0.0\annotations-17.0.0.jar;C:\Users\Lingling\.m2\repository\com\github\docker-java\docker-java-api\3.3.0\docker-java-api-3.3.0.jar;C:\Users\Lingling\.m2\repository\com\fasterxml\jackson\core\jackson-annotations\2.17.2\jackson-annotations-2.17.2.jar;C:\Users\Lingling\.m2\repository\com\github\docker-java\docker-java-transport-zerodep\3.3.0\docker-java-transport-zerodep-3.3.0.jar;C:\Users\Lingling\.m2\repository\com\github\docker-java\docker-java-transport\3.3.0\docker-java-transport-3.3.0.jar;C:\Users\Lingling\.m2\repository\net\java\dev\jna\jna\5.12.1\jna-5.12.1.jar;C:\Users\Lingling\.m2\repository\org\testcontainers\postgresql\1.18.3\postgresql-1.18.3.jar;C:\Users\Lingling\.m2\repository\org\testcontainers\jdbc\1.19.8\jdbc-1.19.8.jar;C:\Users\Lingling\.m2\repository\org\testcontainers\database-commons\1.19.8\database-commons-1.19.8.jar;C:\Users\Lingling\.m2\repository\com\h2database\h2\2.2.224\h2-2.2.224.jar;"/>
    <property name="sun.cpu.endian" value="little"/>
    <property name="user.home" value="C:\Users\Lingling"/>
    <property name="user.language" value="de"/>
    <property name="java.specification.vendor" value="Oracle Corporation"/>
    <property name="java.version.date" value="2024-10-15"/>
    <property name="java.home" value="C:\Program Files\Java\jdk-21"/>
    <property name="file.separator" value="\"/>
    <property name="basedir" value="D:\Programs\Projects\carsharing\carsharing\carsharing"/>
    <property name="java.vm.compressedOopsMode" value="Zero based"/>
    <property name="line.separator" value="&#10;"/>
    <property name="java.vm.specification.vendor" value="Oracle Corporation"/>
    <property name="java.specification.name" value="Java Platform API Specification"/>
    <property name="FILE_LOG_CHARSET" value="UTF-8"/>
    <property name="java.awt.headless" value="true"/>
    <property name="surefire.real.class.path" value="C:\Users\Lingling\AppData\Local\Temp\surefire8023799362563350580\surefirebooter-20241031145909117_3.jar"/>
    <property name="user.script" value=""/>
    <property name="sun.management.compiler" value="HotSpot 64-Bit Tiered Compilers"/>
    <property name="java.runtime.version" value="21.0.5+9-LTS-239"/>
    <property name="user.name" value="Lingling"/>
    <property name="stdout.encoding" value="Cp1252"/>
    <property name="path.separator" value=";"/>
    <property name="os.version" value="10.0"/>
    <property name="java.runtime.name" value="Java(TM) SE Runtime Environment"/>
    <property name="file.encoding" value="UTF-8"/>
    <property name="java.vm.name" value="Java HotSpot(TM) 64-Bit Server VM"/>
    <property name="localRepository" value="C:\Users\Lingling\.m2\repository"/>
    <property name="java.vendor.url.bug" value="https://bugreport.java.com/bugreport/"/>
    <property name="java.io.tmpdir" value="C:\Users\Lingling\AppData\Local\Temp\"/>
    <property name="catalina.home" value="C:\Users\Lingling\AppData\Local\Temp\tomcat.0.18169165413117949538"/>
    <property name="com.zaxxer.hikari.pool_number" value="1"/>
    <property name="java.version" value="21.0.5"/>
    <property name="user.dir" value="D:\Programs\Projects\carsharing\carsharing\carsharing"/>
    <property name="os.arch" value="amd64"/>
    <property name="java.vm.specification.name" value="Java Virtual Machine Specification"/>
    <property name="PID" value="16060"/>
    <property name="sun.os.patch.level" value=""/>
    <property name="CONSOLE_LOG_CHARSET" value="UTF-8"/>
    <property name="catalina.base" value="C:\Users\Lingling\AppData\Local\Temp\tomcat.0.18169165413117949538"/>
    <property name="native.encoding" value="Cp1252"/>
    <property name="java.library.path" value="C:\Program Files\Java\jdk-21\bin;C:\WINDOWS\Sun\Java\bin;C:\WINDOWS\system32;C:\WINDOWS;C:\Program Files\Common Files\Oracle\Java\javapath;C:\Program Files (x86)\Common Files\Oracle\Java\javapath;C:\Windows\system32;C:\Windows;C:\Windows\System32\Wbem;C:\Windows\System32\WindowsPowerShell\v1.0\;C:\Windows\System32\OpenSSH\;C:\Program Files\NVIDIA Corporation\NVIDIA NvDLISR;C:\Program Files\Intel\WiFi\bin\;C:\Program Files\Common Files\Intel\WirelessCommon\;C:\Program Files (x86)\NVIDIA Corporation\PhysX\Common;C:\WINDOWS\system32;C:\WINDOWS;C:\WINDOWS\System32\Wbem;C:\WINDOWS\System32\WindowsPowerShell\v1.0\;C:\WINDOWS\System32\OpenSSH\;C:\msys64\mingw64\bin;C:\Program Files\Go\bin;C:\Program Files\Docker\Docker\resources\bin;C:\Program Files\Java\jdk-21\bin;C:\Program Files\Java\jdk-21\bin;C:\Users\Lingling\Apache\apache-maven-3.9.9\bin;C:\Program Files\Git\cmd;C:\Program Files\dotnet\;C:\Program Files\Microsoft SQL Server\150\Tools\Binn\;C:\Program Files\Microsoft SQL Server\Client SDK\ODBC\170\Tools\Binn\;C:\Program Files (x86)\Windows Kits\10\Windows Performance Toolkit\;C:\Users\Lingling\.cargo\bin;C:\Users\Lingling\AppData\Local\Programs\Python\Python39\Scripts\;C:\Users\Lingling\AppData\Local\Programs\Python\Python39\;C:\Users\Lingling\AppData\Local\Microsoft\WindowsApps;C:\Program Files\Intel\WiFi\bin\;C:\Program Files\Common Files\Intel\WirelessCommon\;C:\texlive\2023\bin\windows;C:\Users\Lingling\AppData\Local\Programs\Microsoft VS Code\bin;D:\IntelliJ IDEA 2024.2.3\bin;;C:\Users\Lingling\.dotnet\tools;C:\Users\Lingling\go\bin;."/>
    <property name="java.vm.info" value="mixed mode, sharing"/>
    <property name="stderr.encoding" value="Cp1252"/>
    <property name="java.vendor" value="Oracle Corporation"/>
    <property name="java.vm.version" value="21.0.5+9-LTS-239"/>
    <property name="sun.io.unicode.encoding" value="UnicodeLittle"/>
    <property name="java.class.version" value="65.0"/>
  </properties>
  <testcase name="testGetBookingById" classname="com.carsharing.carsharing.CarsharingApplicationTests" time="1.142">
    <error message="Error while extracting response for type [class com.carsharing.carsharing.model.Booking] and content type [application/json]" type="org.springframework.web.client.RestClientException"><![CDATA[org.springframework.web.client.RestClientException: Error while extracting response for type [class com.carsharing.carsharing.model.Booking] and content type [application/json]
	at org.springframework.web.client.HttpMessageConverterExtractor.extractData(HttpMessageConverterExtractor.java:119)
	at org.springframework.web.client.RestTemplate$ResponseEntityResponseExtractor.extractData(RestTemplate.java:1159)
	at org.springframework.web.client.RestTemplate$ResponseEntityResponseExtractor.extractData(RestTemplate.java:1142)
	at org.springframework.web.client.RestTemplate.doExecute(RestTemplate.java:892)
	at org.springframework.web.client.RestTemplate.execute(RestTemplate.java:790)
	at org.springframework.web.client.RestTemplate.getForEntity(RestTemplate.java:431)
	at org.springframework.boot.test.web.client.TestRestTemplate.getForEntity(TestRestTemplate.java:244)
	at com.carsharing.carsharing.CarsharingApplicationTests.testGetBookingById(CarsharingApplicationTests.java:229)
	at java.base/java.lang.reflect.Method.invoke(Method.java:580)
	at java.base/java.util.ArrayList.forEach(ArrayList.java:1596)
	at java.base/java.util.ArrayList.forEach(ArrayList.java:1596)
Caused by: org.springframework.http.converter.HttpMessageNotReadableException: JSON parse error: Unrecognized token 'Type': was expecting (JSON String, Number, Array, Object or token 'null', 'true' or 'false')
	at org.springframework.http.converter.json.AbstractJackson2HttpMessageConverter.readJavaType(AbstractJackson2HttpMessageConverter.java:406)
	at org.springframework.http.converter.json.AbstractJackson2HttpMessageConverter.read(AbstractJackson2HttpMessageConverter.java:354)
	at org.springframework.web.client.HttpMessageConverterExtractor.extractData(HttpMessageConverterExtractor.java:104)
	... 10 more
Caused by: com.fasterxml.jackson.core.JsonParseException: Unrecognized token 'Type': was expecting (JSON String, Number, Array, Object or token 'null', 'true' or 'false')
 at [Source: REDACTED (`StreamReadFeature.INCLUDE_SOURCE_IN_LOCATION` disabled); line: 1, column: 6]
	at com.fasterxml.jackson.core.JsonParser._constructError(JsonParser.java:2572)
	at com.fasterxml.jackson.core.JsonParser._constructReadException(JsonParser.java:2598)
	at com.fasterxml.jackson.core.JsonParser._constructReadException(JsonParser.java:2606)
	at com.fasterxml.jackson.core.base.ParserMinimalBase._reportError(ParserMinimalBase.java:765)
	at com.fasterxml.jackson.core.json.UTF8StreamJsonParser._reportInvalidToken(UTF8StreamJsonParser.java:3659)
	at com.fasterxml.jackson.core.json.UTF8StreamJsonParser._handleUnexpectedValue(UTF8StreamJsonParser.java:2747)
	at com.fasterxml.jackson.core.json.UTF8StreamJsonParser._nextTokenNotInObject(UTF8StreamJsonParser.java:867)
	at com.fasterxml.jackson.core.json.UTF8StreamJsonParser.nextToken(UTF8StreamJsonParser.java:753)
	at com.fasterxml.jackson.databind.ObjectReader._initForReading(ObjectReader.java:357)
	at com.fasterxml.jackson.databind.ObjectReader._bindAndClose(ObjectReader.java:2115)
	at com.fasterxml.jackson.databind.ObjectReader.readValue(ObjectReader.java:1501)
	at org.springframework.http.converter.json.AbstractJackson2HttpMessageConverter.readJavaType(AbstractJackson2HttpMessageConverter.java:395)
	... 12 more
]]></error>
    <system-out><![CDATA[14:59:09.925 [main] INFO org.springframework.test.context.support.AnnotationConfigContextLoaderUtils -- Could not detect default configuration classes for test class [com.carsharing.carsharing.CarsharingApplicationTests]: CarsharingApplicationTests does not declare any static, non-private, non-final, nested classes annotated with @Configuration.
14:59:10.011 [main] INFO org.springframework.boot.test.context.SpringBootTestContextBootstrapper -- Found @SpringBootConfiguration com.carsharing.carsharing.CarsharingApplication for test class com.carsharing.carsharing.CarsharingApplicationTests

  .   ____          _            __ _ _
 /\\ / ___'_ __ _ _(_)_ __  __ _ \ \ \ \
( ( )\___ | '_ | '_| | '_ \/ _` | \ \ \ \
 \\/  ___)| |_)| | | | | || (_| |  ) ) ) )
  '  |____| .__|_| |_|_| |_\__, | / / / /
 =========|_|==============|___/=/_/_/_/

 :: Spring Boot ::                (v3.3.4)

2024-10-31T14:59:10.389+01:00  INFO 16060 --- [           main] c.c.c.CarsharingApplicationTests         : Starting CarsharingApplicationTests using Java 21.0.5 with PID 16060 (started by Lingling in D:\Programs\Projects\carsharing\carsharing\carsharing)
2024-10-31T14:59:10.390+01:00  INFO 16060 --- [           main] c.c.c.CarsharingApplicationTests         : The following 1 profile is active: "dev"
2024-10-31T14:59:10.924+01:00  INFO 16060 --- [           main] .s.d.r.c.RepositoryConfigurationDelegate : Bootstrapping Spring Data JPA repositories in DEFAULT mode.
2024-10-31T14:59:11.085+01:00  INFO 16060 --- [           main] .s.d.r.c.RepositoryConfigurationDelegate : Finished Spring Data repository scanning in 151 ms. Found 2 JPA repository interfaces.
2024-10-31T14:59:11.656+01:00  INFO 16060 --- [           main] o.s.b.w.embedded.tomcat.TomcatWebServer  : Tomcat initialized with port 0 (http)
2024-10-31T14:59:11.674+01:00  INFO 16060 --- [           main] o.apache.catalina.core.StandardService   : Starting service [Tomcat]
2024-10-31T14:59:11.674+01:00  INFO 16060 --- [           main] o.apache.catalina.core.StandardEngine    : Starting Servlet engine: [Apache Tomcat/10.1.30]
2024-10-31T14:59:11.741+01:00  INFO 16060 --- [           main] o.a.c.c.C.[Tomcat].[localhost].[/api]    : Initializing Spring embedded WebApplicationContext
2024-10-31T14:59:11.742+01:00  INFO 16060 --- [           main] w.s.c.ServletWebServerApplicationContext : Root WebApplicationContext: initialization completed in 1336 ms
2024-10-31T14:59:11.770+01:00  INFO 16060 --- [           main] com.zaxxer.hikari.HikariDataSource       : HikariPool-1 - Starting...
2024-10-31T14:59:11.949+01:00  INFO 16060 --- [           main] com.zaxxer.hikari.pool.HikariPool        : HikariPool-1 - Added connection conn0: url=jdbc:h2:mem:testdb user=SA
2024-10-31T14:59:11.951+01:00  INFO 16060 --- [           main] com.zaxxer.hikari.HikariDataSource       : HikariPool-1 - Start completed.
2024-10-31T14:59:11.960+01:00  INFO 16060 --- [           main] o.s.b.a.h2.H2ConsoleAutoConfiguration    : H2 console available at '/h2-console'. Database available at 'jdbc:h2:mem:testdb'
2024-10-31T14:59:12.078+01:00  INFO 16060 --- [           main] o.hibernate.jpa.internal.util.LogHelper  : HHH000204: Processing PersistenceUnitInfo [name: default]
2024-10-31T14:59:12.143+01:00  INFO 16060 --- [           main] org.hibernate.Version                    : HHH000412: Hibernate ORM core version 6.5.3.Final
2024-10-31T14:59:12.177+01:00  INFO 16060 --- [           main] o.h.c.internal.RegionFactoryInitiator    : HHH000026: Second-level cache disabled
2024-10-31T14:59:12.413+01:00  INFO 16060 --- [           main] o.s.o.j.p.SpringPersistenceUnitInfo      : No LoadTimeWeaver setup: ignoring JPA class transformer
2024-10-31T14:59:13.186+01:00  INFO 16060 --- [           main] o.h.e.t.j.p.i.JtaPlatformInitiator       : HHH000489: No JTA platform available (set 'hibernate.transaction.jta.platform' to enable JTA platform integration)
Hibernate: create table booking (id bigint generated by default as identity, customer_name varchar(255), end_time varchar(255), start_time varchar(255), car_id bigint not null, primary key (id))
Hibernate: create table cars (id bigint generated by default as identity, brand varchar(255), license_plate varchar(255), model varchar(255), primary key (id))
Hibernate: alter table if exists booking add constraint FK24d9lvopsgghucri5ad7c7umo foreign key (car_id) references cars
2024-10-31T14:59:13.240+01:00  INFO 16060 --- [           main] j.LocalContainerEntityManagerFactoryBean : Initialized JPA EntityManagerFactory for persistence unit 'default'
2024-10-31T14:59:13.583+01:00  WARN 16060 --- [           main] JpaBaseConfiguration$JpaWebConfiguration : spring.jpa.open-in-view is enabled by default. Therefore, database queries may be performed during view rendering. Explicitly configure spring.jpa.open-in-view to disable this warning
2024-10-31T14:59:13.915+01:00  INFO 16060 --- [           main] o.s.b.w.embedded.tomcat.TomcatWebServer  : Tomcat started on port 65530 (http) with context path '/api'
2024-10-31T14:59:13.922+01:00  INFO 16060 --- [           main] c.c.c.CarsharingApplicationTests         : Started CarsharingApplicationTests in 3.796 seconds (process running for 4.598)
Hibernate: insert into cars (brand,license_plate,model,id) values (?,?,?,default)
Hibernate: insert into cars (brand,license_plate,model,id) values (?,?,?,default)
Hibernate: insert into cars (brand,license_plate,model,id) values (?,?,?,default)
Hibernate: select c1_0.id,c1_0.brand,c1_0.license_plate,c1_0.model,b1_0.car_id,b1_0.id,b1_0.customer_name,b1_0.end_time,b1_0.start_time from cars c1_0 left join booking b1_0 on c1_0.id=b1_0.car_id where c1_0.id=?
Hibernate: select c1_0.id,c1_0.brand,c1_0.license_plate,c1_0.model,b1_0.car_id,b1_0.id,b1_0.customer_name,b1_0.end_time,b1_0.start_time from cars c1_0 left join booking b1_0 on c1_0.id=b1_0.car_id where c1_0.id=?
Hibernate: select c1_0.id,c1_0.brand,c1_0.license_plate,c1_0.model,b1_0.car_id,b1_0.id,b1_0.customer_name,b1_0.end_time,b1_0.start_time from cars c1_0 left join booking b1_0 on c1_0.id=b1_0.car_id where c1_0.id=?
Hibernate: insert into booking (car_id,customer_name,end_time,start_time,id) values (?,?,?,?,default)
Hibernate: select b1_0.id,b1_0.car_id,b1_0.customer_name,b1_0.end_time,b1_0.start_time from booking b1_0 where b1_0.id=?
Hibernate: select b1_0.id,b1_0.car_id,b1_0.customer_name,b1_0.end_time,b1_0.start_time from booking b1_0
Hibernate: delete from booking where id=?
Hibernate: select c1_0.id,c1_0.brand,c1_0.license_plate,c1_0.model from cars c1_0
Hibernate: select b1_0.car_id,b1_0.id,b1_0.customer_name,b1_0.end_time,b1_0.start_time from booking b1_0 where b1_0.car_id=?
Hibernate: select b1_0.car_id,b1_0.id,b1_0.customer_name,b1_0.end_time,b1_0.start_time from booking b1_0 where b1_0.car_id=?
Hibernate: select b1_0.car_id,b1_0.id,b1_0.customer_name,b1_0.end_time,b1_0.start_time from booking b1_0 where b1_0.car_id=?
Hibernate: delete from cars where id=?
Hibernate: delete from cars where id=?
Hibernate: delete from cars where id=?
Hibernate: insert into cars (brand,license_plate,model,id) values (?,?,?,default)
Hibernate: insert into booking (car_id,customer_name,end_time,start_time,id) values (?,?,?,?,default)
2024-10-31T14:59:14.855+01:00  INFO 16060 --- [o-auto-1-exec-1] o.a.c.c.C.[Tomcat].[localhost].[/api]    : Initializing Spring DispatcherServlet 'dispatcherServlet'
2024-10-31T14:59:14.855+01:00  INFO 16060 --- [o-auto-1-exec-1] o.s.web.servlet.DispatcherServlet        : Initializing Servlet 'dispatcherServlet'
2024-10-31T14:59:14.856+01:00  INFO 16060 --- [o-auto-1-exec-1] o.s.web.servlet.DispatcherServlet        : Completed initialization in 1 ms
Hibernate: select b1_0.id,b1_0.car_id,b1_0.customer_name,b1_0.end_time,b1_0.start_time from booking b1_0 where b1_0.id=?
Hibernate: select c1_0.id,c1_0.brand,c1_0.license_plate,c1_0.model from cars c1_0 where c1_0.id=?
]]></system-out>
    <system-err><![CDATA[WARNING: A Java agent has been loaded dynamically (C:\Users\Lingling\.m2\repository\net\bytebuddy\byte-buddy-agent\1.14.19\byte-buddy-agent-1.14.19.jar)
WARNING: If a serviceability tool is in use, please run with -XX:+EnableDynamicAgentLoading to hide this warning
WARNING: If a serviceability tool is not in use, please run with -Djdk.instrument.traceUsage for more information
WARNING: Dynamic loading of agents will be disallowed by default in a future release
]]></system-err>
  </testcase>
  <testcase name="testUpdateCar" classname="com.carsharing.carsharing.CarsharingApplicationTests" time="0.047">
    <system-out><![CDATA[Hibernate: insert into cars (brand,license_plate,model,id) values (?,?,?,default)
Hibernate: insert into cars (brand,license_plate,model,id) values (?,?,?,default)
Hibernate: insert into cars (brand,license_plate,model,id) values (?,?,?,default)
Hibernate: select c1_0.id,c1_0.brand,c1_0.license_plate,c1_0.model,b1_0.car_id,b1_0.id,b1_0.customer_name,b1_0.end_time,b1_0.start_time from cars c1_0 left join booking b1_0 on c1_0.id=b1_0.car_id where c1_0.id=?
Hibernate: select c1_0.id,c1_0.brand,c1_0.license_plate,c1_0.model,b1_0.car_id,b1_0.id,b1_0.customer_name,b1_0.end_time,b1_0.start_time from cars c1_0 left join booking b1_0 on c1_0.id=b1_0.car_id where c1_0.id=?
Hibernate: select c1_0.id,c1_0.brand,c1_0.license_plate,c1_0.model,b1_0.car_id,b1_0.id,b1_0.customer_name,b1_0.end_time,b1_0.start_time from cars c1_0 left join booking b1_0 on c1_0.id=b1_0.car_id where c1_0.id=?
Hibernate: insert into booking (car_id,customer_name,end_time,start_time,id) values (?,?,?,?,default)
Hibernate: select b1_0.id,b1_0.car_id,b1_0.customer_name,b1_0.end_time,b1_0.start_time from booking b1_0 where b1_0.id=?
Hibernate: insert into cars (brand,license_plate,model,id) values (?,?,?,default)
Hibernate: select c1_0.id,c1_0.brand,c1_0.license_plate,c1_0.model from cars c1_0 where c1_0.id=?
Hibernate: update cars set brand=?,license_plate=?,model=? where id=?
]]></system-out>
  </testcase>
  <testcase name="testGetCars" classname="com.carsharing.carsharing.CarsharingApplicationTests" time="0.069">
    <system-out><![CDATA[Hibernate: insert into cars (brand,license_plate,model,id) values (?,?,?,default)
Hibernate: insert into cars (brand,license_plate,model,id) values (?,?,?,default)
Hibernate: insert into cars (brand,license_plate,model,id) values (?,?,?,default)
Hibernate: select c1_0.id,c1_0.brand,c1_0.license_plate,c1_0.model,b1_0.car_id,b1_0.id,b1_0.customer_name,b1_0.end_time,b1_0.start_time from cars c1_0 left join booking b1_0 on c1_0.id=b1_0.car_id where c1_0.id=?
Hibernate: select c1_0.id,c1_0.brand,c1_0.license_plate,c1_0.model,b1_0.car_id,b1_0.id,b1_0.customer_name,b1_0.end_time,b1_0.start_time from cars c1_0 left join booking b1_0 on c1_0.id=b1_0.car_id where c1_0.id=?
Hibernate: select c1_0.id,c1_0.brand,c1_0.license_plate,c1_0.model,b1_0.car_id,b1_0.id,b1_0.customer_name,b1_0.end_time,b1_0.start_time from cars c1_0 left join booking b1_0 on c1_0.id=b1_0.car_id where c1_0.id=?
Hibernate: insert into booking (car_id,customer_name,end_time,start_time,id) values (?,?,?,?,default)
Hibernate: select b1_0.id,b1_0.car_id,b1_0.customer_name,b1_0.end_time,b1_0.start_time from booking b1_0 where b1_0.id=?
Hibernate: select c1_0.id,c1_0.brand,c1_0.license_plate,c1_0.model from cars c1_0
Cars: [Car{id=4, brand='Audi', model='A4', licensePlate='M-AB 1234'}, Car{id=5, brand='Audi', model='A4', licensePlate='M-AB 1234'}, Car{id=6, brand='BMW', model='X5', licensePlate='M-CD 5678'}, Car{id=7, brand='Mercedes', model='C-Klasse', licensePlate='M-EF 9101'}, Car{id=8, brand='Audi', model='A6', licensePlate='M-AB 4321'}, Car{id=9, brand='Audi', model='A4', licensePlate='M-AB 1234'}, Car{id=10, brand='BMW', model='X5', licensePlate='M-CD 5678'}, Car{id=11, brand='Mercedes', model='C-Klasse', licensePlate='M-EF 9101'}]
]]></system-out>
  </testcase>
  <testcase name="testGetAllBookings" classname="com.carsharing.carsharing.CarsharingApplicationTests" time="0.024">
    <error message="Error while extracting response for type [java.util.List&lt;com.carsharing.carsharing.model.Booking&gt;] and content type [application/json]" type="org.springframework.web.client.RestClientException"><![CDATA[org.springframework.web.client.RestClientException: Error while extracting response for type [java.util.List<com.carsharing.carsharing.model.Booking>] and content type [application/json]
	at org.springframework.web.client.HttpMessageConverterExtractor.extractData(HttpMessageConverterExtractor.java:119)
	at org.springframework.web.client.RestTemplate$ResponseEntityResponseExtractor.extractData(RestTemplate.java:1159)
	at org.springframework.web.client.RestTemplate$ResponseEntityResponseExtractor.extractData(RestTemplate.java:1142)
	at org.springframework.web.client.RestTemplate.doExecute(RestTemplate.java:892)
	at org.springframework.web.client.RestTemplate.execute(RestTemplate.java:790)
	at org.springframework.web.client.RestTemplate.exchange(RestTemplate.java:701)
	at org.springframework.boot.test.web.client.TestRestTemplate.exchange(TestRestTemplate.java:774)
	at com.carsharing.carsharing.CarsharingApplicationTests.testGetAllBookings(CarsharingApplicationTests.java:202)
	at java.base/java.lang.reflect.Method.invoke(Method.java:580)
	at java.base/java.util.ArrayList.forEach(ArrayList.java:1596)
	at java.base/java.util.ArrayList.forEach(ArrayList.java:1596)
Caused by: org.springframework.http.converter.HttpMessageNotReadableException: JSON parse error: Unrecognized token 'Type': was expecting (JSON String, Number, Array, Object or token 'null', 'true' or 'false')
	at org.springframework.http.converter.json.AbstractJackson2HttpMessageConverter.readJavaType(AbstractJackson2HttpMessageConverter.java:406)
	at org.springframework.http.converter.json.AbstractJackson2HttpMessageConverter.read(AbstractJackson2HttpMessageConverter.java:354)
	at org.springframework.web.client.HttpMessageConverterExtractor.extractData(HttpMessageConverterExtractor.java:104)
	... 10 more
Caused by: com.fasterxml.jackson.core.JsonParseException: Unrecognized token 'Type': was expecting (JSON String, Number, Array, Object or token 'null', 'true' or 'false')
 at [Source: REDACTED (`StreamReadFeature.INCLUDE_SOURCE_IN_LOCATION` disabled); line: 1, column: 6]
	at com.fasterxml.jackson.core.JsonParser._constructError(JsonParser.java:2572)
	at com.fasterxml.jackson.core.JsonParser._constructReadException(JsonParser.java:2598)
	at com.fasterxml.jackson.core.JsonParser._constructReadException(JsonParser.java:2606)
	at com.fasterxml.jackson.core.base.ParserMinimalBase._reportError(ParserMinimalBase.java:765)
	at com.fasterxml.jackson.core.json.UTF8StreamJsonParser._reportInvalidToken(UTF8StreamJsonParser.java:3659)
	at com.fasterxml.jackson.core.json.UTF8StreamJsonParser._handleUnexpectedValue(UTF8StreamJsonParser.java:2747)
	at com.fasterxml.jackson.core.json.UTF8StreamJsonParser._nextTokenNotInObject(UTF8StreamJsonParser.java:867)
	at com.fasterxml.jackson.core.json.UTF8StreamJsonParser.nextToken(UTF8StreamJsonParser.java:753)
	at com.fasterxml.jackson.databind.ObjectReader._initForReading(ObjectReader.java:357)
	at com.fasterxml.jackson.databind.ObjectReader._bindAndClose(ObjectReader.java:2115)
	at com.fasterxml.jackson.databind.ObjectReader.readValue(ObjectReader.java:1501)
	at org.springframework.http.converter.json.AbstractJackson2HttpMessageConverter.readJavaType(AbstractJackson2HttpMessageConverter.java:395)
	... 12 more
]]></error>
    <system-out><![CDATA[Hibernate: insert into cars (brand,license_plate,model,id) values (?,?,?,default)
Hibernate: insert into cars (brand,license_plate,model,id) values (?,?,?,default)
Hibernate: insert into cars (brand,license_plate,model,id) values (?,?,?,default)
Hibernate: select c1_0.id,c1_0.brand,c1_0.license_plate,c1_0.model,b1_0.car_id,b1_0.id,b1_0.customer_name,b1_0.end_time,b1_0.start_time from cars c1_0 left join booking b1_0 on c1_0.id=b1_0.car_id where c1_0.id=?
Hibernate: select c1_0.id,c1_0.brand,c1_0.license_plate,c1_0.model,b1_0.car_id,b1_0.id,b1_0.customer_name,b1_0.end_time,b1_0.start_time from cars c1_0 left join booking b1_0 on c1_0.id=b1_0.car_id where c1_0.id=?
Hibernate: select c1_0.id,c1_0.brand,c1_0.license_plate,c1_0.model,b1_0.car_id,b1_0.id,b1_0.customer_name,b1_0.end_time,b1_0.start_time from cars c1_0 left join booking b1_0 on c1_0.id=b1_0.car_id where c1_0.id=?
Hibernate: insert into booking (car_id,customer_name,end_time,start_time,id) values (?,?,?,?,default)
Hibernate: select b1_0.id,b1_0.car_id,b1_0.customer_name,b1_0.end_time,b1_0.start_time from booking b1_0 where b1_0.id=?
Hibernate: insert into cars (brand,license_plate,model,id) values (?,?,?,default)
Hibernate: insert into cars (brand,license_plate,model,id) values (?,?,?,default)
Hibernate: insert into booking (car_id,customer_name,end_time,start_time,id) values (?,?,?,?,default)
Hibernate: insert into booking (car_id,customer_name,end_time,start_time,id) values (?,?,?,?,default)
Hibernate: select b1_0.id,b1_0.car_id,b1_0.customer_name,b1_0.end_time,b1_0.start_time from booking b1_0
Hibernate: select c1_0.id,c1_0.brand,c1_0.license_plate,c1_0.model from cars c1_0 where c1_0.id=?
]]></system-out>
  </testcase>
  <testcase name="testDeleteCar" classname="com.carsharing.carsharing.CarsharingApplicationTests" time="0.266">
    <system-out><![CDATA[Hibernate: insert into cars (brand,license_plate,model,id) values (?,?,?,default)
Hibernate: insert into cars (brand,license_plate,model,id) values (?,?,?,default)
Hibernate: insert into cars (brand,license_plate,model,id) values (?,?,?,default)
Hibernate: select c1_0.id,c1_0.brand,c1_0.license_plate,c1_0.model,b1_0.car_id,b1_0.id,b1_0.customer_name,b1_0.end_time,b1_0.start_time from cars c1_0 left join booking b1_0 on c1_0.id=b1_0.car_id where c1_0.id=?
Hibernate: select c1_0.id,c1_0.brand,c1_0.license_plate,c1_0.model,b1_0.car_id,b1_0.id,b1_0.customer_name,b1_0.end_time,b1_0.start_time from cars c1_0 left join booking b1_0 on c1_0.id=b1_0.car_id where c1_0.id=?
Hibernate: select c1_0.id,c1_0.brand,c1_0.license_plate,c1_0.model,b1_0.car_id,b1_0.id,b1_0.customer_name,b1_0.end_time,b1_0.start_time from cars c1_0 left join booking b1_0 on c1_0.id=b1_0.car_id where c1_0.id=?
Hibernate: insert into booking (car_id,customer_name,end_time,start_time,id) values (?,?,?,?,default)
Hibernate: select b1_0.id,b1_0.car_id,b1_0.customer_name,b1_0.end_time,b1_0.start_time from booking b1_0 where b1_0.id=?
Hibernate: insert into cars (brand,license_plate,model,id) values (?,?,?,default)
Hibernate: select c1_0.id,c1_0.brand,c1_0.license_plate,c1_0.model from cars c1_0 where c1_0.id=?
Hibernate: select count(*) from cars c1_0 where c1_0.id=?
Hibernate: select b1_0.car_id,b1_0.id,b1_0.customer_name,b1_0.end_time,b1_0.start_time from booking b1_0 where b1_0.car_id=?
Hibernate: delete from cars where id=?
Hibernate: select c1_0.id,c1_0.brand,c1_0.license_plate,c1_0.model from cars c1_0 where c1_0.id=?
Check response status: 404 NOT_FOUND
]]></system-out>
  </testcase>
  <testcase name="testGetCarById" classname="com.carsharing.carsharing.CarsharingApplicationTests" time="0.029">
    <system-out><![CDATA[Hibernate: insert into cars (brand,license_plate,model,id) values (?,?,?,default)
Hibernate: insert into cars (brand,license_plate,model,id) values (?,?,?,default)
Hibernate: insert into cars (brand,license_plate,model,id) values (?,?,?,default)
Hibernate: select c1_0.id,c1_0.brand,c1_0.license_plate,c1_0.model,b1_0.car_id,b1_0.id,b1_0.customer_name,b1_0.end_time,b1_0.start_time from cars c1_0 left join booking b1_0 on c1_0.id=b1_0.car_id where c1_0.id=?
Hibernate: select c1_0.id,c1_0.brand,c1_0.license_plate,c1_0.model,b1_0.car_id,b1_0.id,b1_0.customer_name,b1_0.end_time,b1_0.start_time from cars c1_0 left join booking b1_0 on c1_0.id=b1_0.car_id where c1_0.id=?
Hibernate: select c1_0.id,c1_0.brand,c1_0.license_plate,c1_0.model,b1_0.car_id,b1_0.id,b1_0.customer_name,b1_0.end_time,b1_0.start_time from cars c1_0 left join booking b1_0 on c1_0.id=b1_0.car_id where c1_0.id=?
Hibernate: insert into booking (car_id,customer_name,end_time,start_time,id) values (?,?,?,?,default)
Hibernate: select b1_0.id,b1_0.car_id,b1_0.customer_name,b1_0.end_time,b1_0.start_time from booking b1_0 where b1_0.id=?
Hibernate: select c1_0.id,c1_0.brand,c1_0.license_plate,c1_0.model from cars c1_0 where c1_0.id=?
]]></system-out>
  </testcase>
  <testcase name="testAddCar" classname="com.carsharing.carsharing.CarsharingApplicationTests" time="0.027">
    <system-out><![CDATA[Hibernate: insert into cars (brand,license_plate,model,id) values (?,?,?,default)
Hibernate: insert into cars (brand,license_plate,model,id) values (?,?,?,default)
Hibernate: insert into cars (brand,license_plate,model,id) values (?,?,?,default)
Hibernate: select c1_0.id,c1_0.brand,c1_0.license_plate,c1_0.model,b1_0.car_id,b1_0.id,b1_0.customer_name,b1_0.end_time,b1_0.start_time from cars c1_0 left join booking b1_0 on c1_0.id=b1_0.car_id where c1_0.id=?
Hibernate: select c1_0.id,c1_0.brand,c1_0.license_plate,c1_0.model,b1_0.car_id,b1_0.id,b1_0.customer_name,b1_0.end_time,b1_0.start_time from cars c1_0 left join booking b1_0 on c1_0.id=b1_0.car_id where c1_0.id=?
Hibernate: select c1_0.id,c1_0.brand,c1_0.license_plate,c1_0.model,b1_0.car_id,b1_0.id,b1_0.customer_name,b1_0.end_time,b1_0.start_time from cars c1_0 left join booking b1_0 on c1_0.id=b1_0.car_id where c1_0.id=?
Hibernate: insert into booking (car_id,customer_name,end_time,start_time,id) values (?,?,?,?,default)
Hibernate: select b1_0.id,b1_0.car_id,b1_0.customer_name,b1_0.end_time,b1_0.start_time from booking b1_0 where b1_0.id=?
Hibernate: insert into cars (brand,license_plate,model,id) values (?,?,?,default)
Hibernate: select c1_0.id,c1_0.brand,c1_0.license_plate,c1_0.model from cars c1_0 where c1_0.id=?
]]></system-out>
  </testcase>
</testsuite>